[	03-04-2020 16:03:48	] [BAN ACTION] The following ban record has been removed (player unbanned). [Player: InvalidPlayerName was banned by Jean Leon for Banned by staff.erg until 01/01/3000 00:00:00.]
[	03-04-2020 16:04:05	] [BAN ACTION] The following ban record has been removed (player unbanned). [Player: InvalidPlayerName was banned by Jean Leon for Banned by staff.erg until 01/01/3000 00:00:00.]
[	03-04-2020 16:04:09	] [BAN ACTION] The following ban record has been removed (player unbanned). [Player: InvalidPlayerName was banned by Jean Leon for Banned by staff.erg until 01/01/3000 00:00:00.]
[	03-04-2020 16:04:14	] [BAN ACTION] The following ban record has been removed (player unbanned). [Player: InvalidPlayerName was banned by Jean Leon for Banned by staff.erg until 01/01/3000 00:00:00.]
[	03-04-2020 16:04:16	] [BAN ACTION] The following ban record has been removed (player unbanned). [Player: InvalidPlayerName was banned by Jean Leon for Banned by staff.erg until 01/01/3000 00:00:00.]
[	03-04-2020 16:04:20	] [BAN ACTION] The following ban record has been removed (player unbanned). [Player: InvalidPlayerName was banned by Jean Leon for Banned by staff.erg until 01/01/3000 00:00:00.]
[	03-04-2020 16:04:24	] [BAN ACTION] The following ban record has been removed (player unbanned). [Player: InvalidPlayerName was banned by Jean Leon for Banned by staff.erg until 01/01/3000 00:00:00.]
[	03-04-2020 16:04:29	] [BAN ACTION] The following ban record has been removed (player unbanned). [Player: InvalidPlayerName was banned by Jean Leon for Banned by staff.erg until 01/01/3000 00:00:00.]
[	03-04-2020 16:04:32	] [BAN ACTION] The following ban record has been removed (player unbanned). [Player: InvalidPlayerName was banned by Jean Leon for Banned by staff.erg until 01/01/3000 00:00:00.]
[	03-04-2020 16:04:37	] [BAN ACTION] The following ban record has been removed (player unbanned). [Player: InvalidPlayerName was banned by Jean Leon for Banned by staff.erg until 01/01/3000 00:00:00.]
[	03-04-2020 16:04:40	] [BAN ACTION] The following ban record has been removed (player unbanned). [Player: InvalidPlayerName was banned by Jean Leon for Banned by staff.erg until 01/01/3000 00:00:00.]
[	03-04-2020 16:04:43	] [BAN ACTION] The following ban record has been removed (player unbanned). [Player: InvalidPlayerName was banned by Jean Leon for Banned by staff.erg until 01/01/3000 00:00:00.]
[	03-04-2020 16:04:45	] [BAN ACTION] The following ban record has been removed (player unbanned). [Player: InvalidPlayerName was banned by Jean Leon for Banned by staff.erg until 01/01/3000 00:00:00.]
[	03-04-2020 16:04:48	] [BAN ACTION] The following ban record has been removed (player unbanned). [Player: InvalidPlayerName was banned by Jean Leon for Banned by staff.erg until 01/01/3000 00:00:00.]
[	03-04-2020 16:04:51	] [BAN ACTION] The following ban record has been removed (player unbanned). [Player: InvalidPlayerName was banned by Jean Leon for Banned by staff.erg until 01/01/3000 00:00:00.]
[	03-04-2020 16:04:55	] [BAN ACTION] The following ban record has been removed (player unbanned). [Player: InvalidPlayerName was banned by Jean Leon for Banned by staff.erg until 01/01/3000 00:00:00.]
[	03-04-2020 16:04:57	] [BAN ACTION] The following ban record has been removed (player unbanned). [Player: InvalidPlayerName was banned by Jean Leon for Banned by staff.erg until 01/01/3000 00:00:00.]
[	03-04-2020 16:05:00	] [BAN ACTION] The following ban record has been removed (player unbanned). [Player: InvalidPlayerName was banned by Jean Leon for Banned by staff.erg until 01/01/3000 00:00:00.]
[	03-04-2020 16:05:02	] [BAN ACTION] The following ban record has been removed (player unbanned). [Player: InvalidPlayerName was banned by Jean Leon for Banned by staff.erg until 01/01/3000 00:00:00.]
[	03-04-2020 16:05:04	] [BAN ACTION] The following ban record has been removed (player unbanned). [Player: InvalidPlayerName was banned by Jean Leon for Banned by staff.erg until 01/01/3000 00:00:00.]
[	03-04-2020 16:05:07	] [BAN ACTION] The following ban record has been removed (player unbanned). [Player: InvalidPlayerName was banned by Jean Leon for Banned by staff.erg until 01/01/3000 00:00:00.]
[	03-04-2020 16:05:09	] [BAN ACTION] The following ban record has been removed (player unbanned). [Player: InvalidPlayerName was banned by Jean Leon for Banned by staff.erg until 01/01/3000 00:00:00.]
[	03-04-2020 16:05:12	] [BAN ACTION] The following ban record has been removed (player unbanned). [Player: InvalidPlayerName was banned by Jean Leon for Banned by staff.erg until 01/01/3000 00:00:00.]
[	03-04-2020 16:05:14	] [BAN ACTION] The following ban record has been removed (player unbanned). [Player: InvalidPlayerName was banned by Jean Leon for Banned by staff.erg until 01/01/3000 00:00:00.]
[	03-04-2020 16:05:17	] [BAN ACTION] The following ban record has been removed (player unbanned). [Player: InvalidPlayerName was banned by Jean Leon for Banned by staff.erg until 01/01/3000 00:00:00.]
[	03-04-2020 16:05:20	] [BAN ACTION] The following ban record has been removed (player unbanned). [Player: InvalidPlayerName was banned by Jean Leon for Banned by staff.erg until 01/01/3000 00:00:00.]
[	03-04-2020 16:05:22	] [BAN ACTION] The following ban record has been removed (player unbanned). [Player: InvalidPlayerName was banned by Jean Leon for Banned by staff.erg until 01/01/3000 00:00:00.]
[	03-04-2020 16:05:25	] [BAN ACTION] The following ban record has been removed (player unbanned). [Player: InvalidPlayerName was banned by Jean Leon for Banned by staff.erg until 01/01/3000 00:00:00.]
[	03-04-2020 16:05:28	] [BAN ACTION] The following ban record has been removed (player unbanned). [Player: InvalidPlayerName was banned by Jean Leon for Banned by staff.erg until 01/01/3000 00:00:00.]
[	03-04-2020 16:05:30	] [BAN ACTION] The following ban record has been removed (player unbanned). [Player: InvalidPlayerName was banned by Jean Leon for Banned by staff.erg until 01/01/3000 00:00:00.]
[	03-04-2020 16:05:33	] [BAN ACTION] The following ban record has been removed (player unbanned). [Player: InvalidPlayerName was banned by Jean Leon for Banned by staff.erg until 01/01/3000 00:00:00.]
[	03-04-2020 16:05:35	] [BAN ACTION] The following ban record has been removed (player unbanned). [Player: InvalidPlayerName was banned by Jean Leon for Banned by staff.erg until 01/01/3000 00:00:00.]
[	03-04-2020 16:05:37	] [BAN ACTION] The following ban record has been removed (player unbanned). [Player: InvalidPlayerName was banned by Jean Leon for Banned by staff.erg until 01/01/3000 00:00:00.]
[	03-04-2020 16:05:40	] [BAN ACTION] The following ban record has been removed (player unbanned). [Player: InvalidPlayerName was banned by Jean Leon for Banned by staff.erg until 01/01/3000 00:00:00.]
[	03-04-2020 16:05:43	] [BAN ACTION] The following ban record has been removed (player unbanned). [Player: InvalidPlayerName was banned by Jean Leon for Banned by staff.erg until 01/01/3000 00:00:00.]
[	03-04-2020 16:05:46	] [BAN ACTION] The following ban record has been removed (player unbanned). [Player: InvalidPlayerName was banned by Jean Leon for Banned by staff.erg until 01/01/3000 00:00:00.]
[	03-04-2020 16:05:49	] [BAN ACTION] The following ban record has been removed (player unbanned). [Player: InvalidPlayerName was banned by Jean Leon for Banned by staff.erg until 01/01/3000 00:00:00.]
[	03-04-2020 16:05:52	] [BAN ACTION] The following ban record has been removed (player unbanned). [Player: InvalidPlayerName was banned by Jean Leon for Banned by staff.erg until 01/01/3000 00:00:00.]
[	03-04-2020 16:05:55	] [BAN ACTION] The following ban record has been removed (player unbanned). [Player: InvalidPlayerName was banned by Jean Leon for Banned by staff.erg until 01/01/3000 00:00:00.]
[	03-04-2020 16:05:57	] [BAN ACTION] The following ban record has been removed (player unbanned). [Player: InvalidPlayerName was banned by Jean Leon for Banned by staff.erg until 01/01/3000 00:00:00.]
[	03-04-2020 16:05:58	] [BAN ACTION] The following ban record has been removed (player unbanned). [Player: InvalidPlayerName was banned by Heath Ledger for Banned by staff. until 01/01/3000 00:00:00.]
[	03-04-2020 16:06:00	] [BAN ACTION] The following ban record has been removed (player unbanned). [Player: InvalidPlayerName was banned by Jean Leon for Banned by staff.erg until 01/01/3000 00:00:00.]
[	03-04-2020 16:06:02	] [BAN ACTION] The following ban record has been removed (player unbanned). [Player: InvalidPlayerName was banned by Jean Leon for Banned by staff.erg until 01/01/3000 00:00:00.]
[	03-04-2020 16:06:05	] [BAN ACTION] The following ban record has been removed (player unbanned). [Player: InvalidPlayerName was banned by Jean Leon for Banned by staff.erg until 01/01/3000 00:00:00.]
[	03-04-2020 16:06:08	] [BAN ACTION] The following ban record has been removed (player unbanned). [Player: InvalidPlayerName was banned by Jean Leon for Banned by staff.erg until 01/01/3000 00:00:00.]
[	03-04-2020 16:06:18	] [BAN ACTION] The following ban record has been removed (player unbanned). [Player: InvalidPlayerName was banned by Jean Leon for Banned by staff.erg until 01/01/3000 00:00:00.]
[	03-04-2020 16:06:23	] [BAN ACTION] The following ban record has been removed (player unbanned). [Player: InvalidPlayerName was banned by Jean Leon for Banned by staff.erg until 01/01/3000 00:00:00.]
[	03-04-2020 16:06:25	] [BAN ACTION] The following ban record has been removed (player unbanned). [Player: InvalidPlayerName was banned by Jean Leon for Banned by staff.erg until 01/01/3000 00:00:00.]
[	03-04-2020 16:06:28	] [BAN ACTION] The following ban record has been removed (player unbanned). [Player: InvalidPlayerName was banned by Jean Leon for Banned by staff.erg until 01/01/3000 00:00:00.]
[	03-04-2020 16:06:31	] [BAN ACTION] The following ban record has been removed (player unbanned). [Player: InvalidPlayerName was banned by Jean Leon for Banned by staff.erg until 01/01/3000 00:00:00.]
[	03-04-2020 16:06:33	] [BAN ACTION] The following ban record has been removed (player unbanned). [Player: InvalidPlayerName was banned by Jean Leon for Banned by staff.erg until 01/01/3000 00:00:00.]
[	03-04-2020 16:06:35	] [BAN ACTION] The following ban record has been removed (player unbanned). [Player: InvalidPlayerName was banned by Jean Leon for Banned by staff.erg until 01/01/3000 00:00:00.]
[	03-04-2020 16:06:38	] [BAN ACTION] The following ban record has been removed (player unbanned). [Player: InvalidPlayerName was banned by Jean Leon for Banned by staff.erg until 01/01/3000 00:00:00.]
[	03-04-2020 16:06:40	] [BAN ACTION] The following ban record has been removed (player unbanned). [Player: InvalidPlayerName was banned by Jean Leon for Banned by staff.erg until 01/01/3000 00:00:00.]
[	03-04-2020 16:06:42	] [BAN ACTION] The following ban record has been removed (player unbanned). [Player: InvalidPlayerName was banned by Jean Leon for Banned by staff.erg until 01/01/3000 00:00:00.]
[	03-04-2020 16:06:46	] [BAN ACTION] The following ban record has been removed (player unbanned). [Player: InvalidPlayerName was banned by Jean Leon for Banned by staff.erg until 01/01/3000 00:00:00.]
[	03-04-2020 16:06:48	] [BAN ACTION] The following ban record has been removed (player unbanned). [Player: InvalidPlayerName was banned by Jean Leon for Banned by staff.erg until 01/01/3000 00:00:00.]
[	03-04-2020 16:06:50	] [BAN ACTION] The following ban record has been removed (player unbanned). [Player: InvalidPlayerName was banned by Jean Leon for Banned by staff.erg until 01/01/3000 00:00:00.]
[	03-04-2020 16:06:52	] [BAN ACTION] The following ban record has been removed (player unbanned). [Player: InvalidPlayerName was banned by Jean Leon for Banned by staff.erg until 01/01/3000 00:00:00.]
[	03-04-2020 16:06:55	] [BAN ACTION] The following ban record has been removed (player unbanned). [Player: InvalidPlayerName was banned by Jean Leon for Banned by staff.erg until 01/01/3000 00:00:00.]
[	03-04-2020 16:06:57	] [BAN ACTION] The following ban record has been removed (player unbanned). [Player: InvalidPlayerName was banned by Jean Leon for Banned by staff.erg until 01/01/3000 00:00:00.]
[	03-04-2020 16:07:01	] [BAN ACTION] The following ban record has been removed (player unbanned). [Player: InvalidPlayerName was banned by Jean Leon for Banned by staff.erg until 01/01/3000 00:00:00.]
[	03-04-2020 16:07:04	] [BAN ACTION] The following ban record has been removed (player unbanned). [Player: InvalidPlayerName was banned by Jean Leon for Banned by staff.erg until 01/01/3000 00:00:00.]
[	03-04-2020 16:07:06	] [BAN ACTION] The following ban record has been removed (player unbanned). [Player: InvalidPlayerName was banned by Jean Leon for Banned by staff.erg until 01/01/3000 00:00:00.]
[	03-04-2020 16:07:08	] [BAN ACTION] The following ban record has been removed (player unbanned). [Player: InvalidPlayerName was banned by Jean Leon for Banned by staff.erg until 01/01/3000 00:00:00.]
[	03-04-2020 16:07:11	] [BAN ACTION] The following ban record has been removed (player unbanned). [Player: InvalidPlayerName was banned by Jean Leon for Banned by staff.erg until 01/01/3000 00:00:00.]
[	03-04-2020 16:07:14	] [BAN ACTION] The following ban record has been removed (player unbanned). [Player: InvalidPlayerName was banned by Jean Leon for Banned by staff.erg until 01/01/3000 00:00:00.]
[	03-04-2020 16:07:16	] [BAN ACTION] The following ban record has been removed (player unbanned). [Player: InvalidPlayerName was banned by Jean Leon for Banned by staff.erg until 01/01/3000 00:00:00.]
[	03-04-2020 16:07:18	] [BAN ACTION] The following ban record has been removed (player unbanned). [Player: InvalidPlayerName was banned by Jean Leon for Banned by staff.erg until 01/01/3000 00:00:00.]
[	03-04-2020 16:07:21	] [BAN ACTION] The following ban record has been removed (player unbanned). [Player: InvalidPlayerName was banned by Jean Leon for Banned by staff.erg until 01/01/3000 00:00:00.]
[	03-04-2020 16:07:25	] [BAN ACTION] The following ban record has been removed (player unbanned). [Player: InvalidPlayerName was banned by Jean Leon for Banned by staff.erg until 01/01/3000 00:00:00.]
[	03-04-2020 16:07:27	] [BAN ACTION] The following ban record has been removed (player unbanned). [Player: InvalidPlayerName was banned by Jean Leon for Banned by staff.erg until 01/01/3000 00:00:00.]
[	03-04-2020 16:07:29	] [BAN ACTION] The following ban record has been removed (player unbanned). [Player: InvalidPlayerName was banned by Jean Leon for Banned by staff.erg until 01/01/3000 00:00:00.]
[	03-04-2020 16:07:43	] [BAN ACTION] The following ban record has been removed (player unbanned). [Player: InvalidPlayerName was banned by Jean Leon for Banned by staff.erg until 01/01/3000 00:00:00.]
[	03-04-2020 16:07:45	] [BAN ACTION] The following ban record has been removed (player unbanned). [Player: InvalidPlayerName was banned by Jean Leon for Banned by staff.erg until 01/01/3000 00:00:00.]
[	03-04-2020 16:07:47	] [BAN ACTION] The following ban record has been removed (player unbanned). [Player: InvalidPlayerName was banned by Jean Leon for Banned by staff.erg until 01/01/3000 00:00:00.]
[	03-04-2020 16:10:16	] [BAN ACTION] The following ban record has been removed (player unbanned). [Player: InvalidPlayerName was banned by Jean Leon for Banned by staff.erg until 01/01/3000 00:00:00.]
[	03-04-2020 16:10:17	] [BAN ACTION] The following ban record has been removed (player unbanned). [Player: InvalidPlayerName was banned by Jean Leon for Banned by staff.erg until 01/01/3000 00:00:00.]
[	03-04-2020 16:10:19	] [BAN ACTION] The following ban record has been removed (player unbanned). [Player: InvalidPlayerName was banned by Jean Leon for Banned by staff.erg until 01/01/3000 00:00:00.]
[	03-04-2020 16:10:21	] [BAN ACTION] The following ban record has been removed (player unbanned). [Player: InvalidPlayerName was banned by Jean Leon for Banned by staff.erg until 01/01/3000 00:00:00.]
[	03-04-2020 16:10:24	] [BAN ACTION] The following ban record has been removed (player unbanned). [Player: InvalidPlayerName was banned by Jean Leon for Banned by staff.erg until 01/01/3000 00:00:00.]
[	03-04-2020 16:10:29	] [BAN ACTION] The following ban record has been removed (player unbanned). [Player: InvalidPlayerName was banned by Jean Leon for Banned by staff.erg until 01/01/3000 00:00:00.]
[	04-04-2020 14:35:00	] [KICK ACTION] Player: Heath Ledger has kicked: John Pablito for: You have been kicked. Reason: Ok.
[	04-04-2020 16:11:40	] [KICK ACTION] Player: Heath Ledger has kicked: Wong Lee for: You have been kicked. Reason: Reviens c'est normal .
[	04-04-2020 20:44:23	] [BAN ACTION] A new ban record has been added. Player: 'Wilson Parter' was banned by 'Heath Ledger' for 'Insulte parental + masse rp + noi pain ban 1 jours ' until '04/05/2020 20:44:23'.
[	05-04-2020 00:26:07	] [KICK ACTION] Player: Heath Ledger has kicked: Ilies Yebka for: You have been kicked. Reason: Bisous.
[	05-04-2020 14:12:56	] [KICK ACTION] Player: Heath Ledger has kicked: William Derek for: You have been kicked. Reason: Tchao.
[	05-04-2020 14:14:20	] [BAN ACTION] A new ban record has been added. Player: 'InvalidPlayerName' was banned by 'Heath Ledger' for 'no fear + no pain apprends a jouer va lire les rêgles ! ' until '04/05/2020 18:26:20'.
[	05-04-2020 21:00:26	] [BAN ACTION] A new ban record has been added. Player: 'Noa White' was banned by 'Mike ederson' for 'Insulte staff ' until '01/01/3000 00:00:00'.
[	05-04-2020 21:19:42	] [BAN ACTION] The following ban record has been removed (player unbanned). [Player: Noa White was banned by Mike ederson for Insulte staff  until 01/01/3000 00:00:00.]
[	05-04-2020 21:29:05	] [BAN ACTION] A new ban record has been added. Player: 'Wong Lee' was banned by 'Mike Hopper' for 'Foutage de gueule , ALT+F4 en pleine scène . Merci de lire les règles du server ' until '04/06/2020 00:29:05'.
[	06-04-2020 12:16:02	] [BAN ACTION] The following ban record has been removed (player unbanned). The player has been unbanned because their ban duration expired. [Player: Wong Lee was banned by Mike Hopper for Foutage de gueule , ALT+F4 en pleine scène . Merci de lire les règles du server  until 04/06/2020 00:29:05.]
[	06-04-2020 13:58:55	] [BAN ACTION] A new ban record has been added. Player: 'Lukass White' was banned by 'Mike ederson' for 'Banned by staff.' until '01/01/3000 00:00:00'.
[	06-04-2020 14:04:09	] [BAN ACTION] A new ban record has been added. Player: 'InvalidPlayerName' was banned by 'Mike ederson' for 'Banned by staff.te' until '01/01/3000 00:00:00'.
[	06-04-2020 19:09:25	] [BAN ACTION] The following ban record has been removed (player unbanned). [Player: Wilson Parter was banned by Heath Ledger for Insulte parental + masse rp + noi pain ban 1 jours  until 04/05/2020 20:44:23.]
[	06-04-2020 19:09:29	] [BAN ACTION] The following ban record has been removed (player unbanned). [Player: Yanis Aboubou was banned by Wilson Parter for soundboard troll until 01/01/3000 00:00:00.]
[	06-04-2020 19:52:37	] [BAN ACTION] The following ban record has been removed (player unbanned). [Player: Lukass White was banned by Mike ederson for Banned by staff. until 01/01/3000 00:00:00.]
[	06-04-2020 20:27:24	] [KICK ACTION] Player: Heath Ledger has kicked: Noa White for: You have been kicked. Reason: Kick No pain + Bunny Hop va lire les règles ! .
[	07-04-2020 12:04:13	] [KICK ACTION] Player: Heath Ledger has kicked: Juan Fuentes for: You have been kicked. Reason: Kick pour Hrp vocal + 1 avertissement .
[	07-04-2020 13:36:43	] [KICK ACTION] Player: Heath Ledger has kicked: Marcus Lawrence for: You have been kicked. Reason: Fait ta sieste .
[	07-04-2020 21:14:44	] [BAN ACTION] A new ban record has been added. Player: 'Tony Giuseppe' was banned by 'Heath Ledger' for 'Banned by staff.' until '01/01/3000 00:00:00'.
[	07-04-2020 21:20:24	] [BAN ACTION] A new ban record has been added. Player: 'InvalidPlayerName' was banned by 'Heath Ledger' for 'no fear + no pain + insulte envers Staff mère,père,grand mère,grand père est tout mes morts ' until '01/01/3000 00:00:00'.
[	08-04-2020 12:33:26	] [BAN ACTION] A new ban record has been added. Player: 'Kara Kinley' was banned by 'Enzo Pieri' for 'Banned by staff. D'OU TU DIS NIQUEZ VOS MERE' until '01/01/3000 00:00:00'.
[	08-04-2020 12:34:41	] [BAN ACTION] A new ban record has been added. Player: 'Ary Cardines' was banned by 'Enzo Pieri' for 'Banned by staff. Va dire nique t'as mere ailleurs' until '01/01/3000 00:00:00'.
[	11-04-2020 08:53:30	] [BAN ACTION] The following ban record has been removed (player unbanned). [Player: Kara Kinley was banned by Enzo Pieri for Banned by staff. D'OU TU DIS NIQUEZ VOS MERE until 01/01/3000 00:00:00.]
[	11-04-2020 09:21:44	] [BAN ACTION] The following ban record has been removed (player unbanned). [Player: Ary Cardines was banned by Enzo Pieri for Banned by staff. Va dire nique t'as mere ailleurs until 01/01/3000 00:00:00.]
[	11-04-2020 11:10:56	] [KICK ACTION] Player: Stella Pablito has kicked: Marcus James for: You have been kicked. Reason: serveur off le co-fonda a merder desoler.
[	13-04-2020 19:00:31	] [BAN ACTION] A new ban record has been added. Player: 'Leopold Perret' was banned by '47' for 'Raison : du ban insulte envers staff + nargue les staff + insulte envers staf une deuxième fois plus + insulte parental ' until '05/13/2020 19:00:31'.
[	14-04-2020 14:10:13	] [BAN ACTION] A new ban record has been added. Player: 'Soli Fuentes' was banned by 'Mike ederson' for 'Banned by staff. pour insulte en vers staff' until '01/01/3000 00:00:00'.
[	05-05-2020 18:34:21	] [KICK ACTION] Player: Zetroks | Clement Poli has kicked: killian cappe for: You have been kicked. Reason: JOUE PAS RP.
[	07-05-2020 17:39:56	] [KICK ACTION] Player: Zetroks | Clement Poli has kicked: flowerz. for: You have been kicked. Reason: ecris hrp dans le twitter.
[	07-05-2020 18:47:28	] [KICK ACTION] Player: Louzlaille has kicked: flowerz. for: You have been kicked. Reason: Conduite non rp.
[	15-05-2020 20:31:07	] [KICK ACTION] Player: Zetroks | John Dun has kicked: Laurent Boulanger for: You have been kicked. Reason: chute.
